<?xml version="1.0" encoding="UTF-8"?>
<testsuites name="Luna" time="308.171" tests="8" failures="0" errors="0">
   <testsuite name="Luna" tests="8" failures="0" errors="0" time="308.171" skipped="0" timestamp="2023-11-29 17:14:48" hostname="Praveen Reddy - LAPTOP-FO4697CL" id="Test Suites/Luna">
      <properties>
         <property name="deviceName" value=""/>
         <property name="devicePlatform" value=""/>
         <property name="logFolder" value="C:\\Users\\phlv5\\Katalon Studio\\Git\\LunaPHP\\Reports\\20231129_171202\\Luna\\20231129_171205"/>
         <property name="logFiles" value="C:\\Users\\phlv5\\Katalon Studio\\Git\\LunaPHP\\Reports\\20231129_171202\\Luna\\20231129_171205\\execution0.log"/>
         <property name="attachments" value=""/>
         <property name="hostName" value="Praveen Reddy - LAPTOP-FO4697CL"/>
         <property name="os" value="Windows 11 64bit"/>
         <property name="katalonVersion" value="8.6.8.208"/>
         <property name="browser" value="Chrome 119.0.0.0"/>
         <property name="hostAddress" value="192.168.116.65"/>
         <property name="sessionId" value="2748c5b43f406871fada4e3cd5fc1e9e"/>
         <property name="seleniumVersion" value="3.141.59"/>
         <property name="proxyInformation" value="ProxyInformation { proxyOption=NO_PROXY, proxyServerType=HTTP, username=, password=********, proxyServerAddress=, proxyServerPort=0, executionList=&quot;&quot;, isApplyToDesiredCapabilities=true }"/>
         <property name="platform" value="Windows 11"/>
      </properties>
      <testcase name="Test Cases/LunaCreateAccount" time="26.41" classname="Test Cases/LunaCreateAccount" status="PASSED">
         <system-out><![CDATA[2023-11-29 17:14:48 - [TEST_CASE][PASSED] - Test Cases/LunaCreateAccount: Test Cases/LunaCreateAccount

2023-11-29 17:14:49 - [TEST_STEP][PASSED] - openBrowser(""): Browser is opened with url: ''

2023-11-29 17:14:49 - [MESSAGE][INFO] - Starting 'Chrome' driver

2023-11-29 17:14:49 - [MESSAGE][INFO] - Action delay is set to 0 milliseconds

2023-11-29 17:14:52 - [MESSAGE][PASSED] - Browser is opened with url: ''

2023-11-29 17:14:52 - [TEST_STEP][PASSED] - navigateToUrl("https://magento.softwaretestingboard.com/"): Navigate to 'https://magento.softwaretestingboard.com/' successfully

2023-11-29 17:14:57 - [MESSAGE][PASSED] - Navigate to 'https://magento.softwaretestingboard.com/' successfully

2023-11-29 17:14:57 - [TEST_STEP][PASSED] - maximizeWindow(): Current window maximized

2023-11-29 17:14:57 - [MESSAGE][PASSED] - Current window maximized

2023-11-29 17:14:57 - [TEST_STEP][PASSED] - click(findTestObject("Object Repository/LunaCreateAccount/Page_Home Page/a_Create an Account")): Object: 'Object Repository/LunaCreateAccount/Page_Home Page/a_Create an Account' is clicked on

2023-11-29 17:15:03 - [MESSAGE][PASSED] - Object: 'Object Repository/LunaCreateAccount/Page_Home Page/a_Create an Account' is clicked on

2023-11-29 17:15:03 - [TEST_STEP][PASSED] - setText(findTestObject("Object Repository/LunaCreateAccount/Page_Create New Customer Account/input_First Name_firstname"), "Test"): Text 'Test' is set on object 'Object Repository/LunaCreateAccount/Page_Create New Customer Account/input_First Name_firstname'

2023-11-29 17:15:04 - [MESSAGE][PASSED] - Text 'Test' is set on object 'Object Repository/LunaCreateAccount/Page_Create New Customer Account/input_First Name_firstname'

2023-11-29 17:15:04 - [TEST_STEP][PASSED] - setText(findTestObject("Object Repository/LunaCreateAccount/Page_Create New Customer Account/input_Last Name_lastname"), "User"): Text 'User' is set on object 'Object Repository/LunaCreateAccount/Page_Create New Customer Account/input_Last Name_lastname'

2023-11-29 17:15:05 - [MESSAGE][PASSED] - Text 'User' is set on object 'Object Repository/LunaCreateAccount/Page_Create New Customer Account/input_Last Name_lastname'

2023-11-29 17:15:05 - [TEST_STEP][PASSED] - setText(findTestObject("Object Repository/LunaCreateAccount/Page_Create New Customer Account/input_Email_email"), "test@gmail.com"): Text 'test@gmail.com' is set on object 'Object Repository/LunaCreateAccount/Page_Create New Customer Account/input_Email_email'

2023-11-29 17:15:06 - [MESSAGE][PASSED] - Text 'test@gmail.com' is set on object 'Object Repository/LunaCreateAccount/Page_Create New Customer Account/input_Email_email'

2023-11-29 17:15:06 - [TEST_STEP][PASSED] - setEncryptedText(findTestObject("Object Repository/LunaCreateAccount/Page_Create New Customer Account/input_Password_password"), "cvW8qx4B2o3F4VwP/kNsqA=="): Text ****** has been set on object 'Object Repository/LunaCreateAccount/Page_Create New Customer Account/input_Password_password'

2023-11-29 17:15:06 - [MESSAGE][PASSED] - Text ****** has been set on object 'Object Repository/LunaCreateAccount/Page_Create New Customer Account/input_Password_password'

2023-11-29 17:15:06 - [TEST_STEP][PASSED] - setEncryptedText(findTestObject("Object Repository/LunaCreateAccount/Page_Create New Customer Account/input_Confirm Password_password_confirmation"), "cvW8qx4B2o3F4VwP/kNsqA=="): Text ****** has been set on object 'Object Repository/LunaCreateAccount/Page_Create New Customer Account/input_Confirm Password_password_confirmation'

2023-11-29 17:15:07 - [MESSAGE][PASSED] - Text ****** has been set on object 'Object Repository/LunaCreateAccount/Page_Create New Customer Account/input_Confirm Password_password_confirmation'

2023-11-29 17:15:07 - [TEST_STEP][PASSED] - click(findTestObject("Object Repository/LunaCreateAccount/Page_Create New Customer Account/span_Create an Account")): Object: 'Object Repository/LunaCreateAccount/Page_Create New Customer Account/span_Create an Account' is clicked on

2023-11-29 17:15:11 - [MESSAGE][PASSED] - Object: 'Object Repository/LunaCreateAccount/Page_Create New Customer Account/span_Create an Account' is clicked on

2023-11-29 17:15:11 - [TEST_STEP][PASSED] - click(findTestObject("Object Repository/LunaCreateAccount/Page_Create New Customer Account/img")): Object: 'Object Repository/LunaCreateAccount/Page_Create New Customer Account/img' is clicked on

2023-11-29 17:15:14 - [MESSAGE][PASSED] - Object: 'Object Repository/LunaCreateAccount/Page_Create New Customer Account/img' is clicked on

2023-11-29 17:15:14 - [TEST_STEP][PASSED] - closeBrowser(): Browser is closed

2023-11-29 17:15:15 - [MESSAGE][PASSED] - Browser is closed]]></system-out>
         <system-err><![CDATA[]]></system-err>
      </testcase>
      <testcase name="Test Cases/LunaSignIn" time="32.784" classname="Test Cases/LunaSignIn" status="PASSED">
         <system-out><![CDATA[2023-11-29 17:15:15 - [TEST_CASE][PASSED] - Test Cases/LunaSignIn: Test Cases/LunaSignIn

2023-11-29 17:15:15 - [TEST_STEP][PASSED] - openBrowser(""): Browser is opened with url: ''

2023-11-29 17:15:15 - [MESSAGE][INFO] - Starting 'Chrome' driver

2023-11-29 17:15:15 - [MESSAGE][INFO] - Action delay is set to 0 milliseconds

2023-11-29 17:15:17 - [MESSAGE][PASSED] - Browser is opened with url: ''

2023-11-29 17:15:17 - [TEST_STEP][PASSED] - navigateToUrl("https://magento.softwaretestingboard.com/"): Navigate to 'https://magento.softwaretestingboard.com/' successfully

2023-11-29 17:15:22 - [MESSAGE][PASSED] - Navigate to 'https://magento.softwaretestingboard.com/' successfully

2023-11-29 17:15:22 - [TEST_STEP][PASSED] - maximizeWindow(): Current window maximized

2023-11-29 17:15:22 - [MESSAGE][PASSED] - Current window maximized

2023-11-29 17:15:22 - [TEST_STEP][PASSED] - click(findTestObject("Object Repository/LunaSignIn/Page_Home Page/a_Sign In")): Object: 'Object Repository/LunaSignIn/Page_Home Page/a_Sign In' is clicked on

2023-11-29 17:15:31 - [MESSAGE][PASSED] - Object: 'Object Repository/LunaSignIn/Page_Home Page/a_Sign In' is clicked on

2023-11-29 17:15:31 - [TEST_STEP][PASSED] - setText(findTestObject("Object Repository/LunaSignIn/Page_Customer Login/input_Email_loginusername"), "test@gmail.com"): Text 'test@gmail.com' is set on object 'Object Repository/LunaSignIn/Page_Customer Login/input_Email_loginusername'

2023-11-29 17:15:34 - [MESSAGE][PASSED] - Text 'test@gmail.com' is set on object 'Object Repository/LunaSignIn/Page_Customer Login/input_Email_loginusername'

2023-11-29 17:15:34 - [TEST_STEP][PASSED] - setEncryptedText(findTestObject("Object Repository/LunaSignIn/Page_Customer Login/input_Password_loginpassword"), "cvW8qx4B2o3F4VwP/kNsqA=="): Text ****** has been set on object 'Object Repository/LunaSignIn/Page_Customer Login/input_Password_loginpassword'

2023-11-29 17:15:34 - [MESSAGE][PASSED] - Text ****** has been set on object 'Object Repository/LunaSignIn/Page_Customer Login/input_Password_loginpassword'

2023-11-29 17:15:34 - [TEST_STEP][PASSED] - click(findTestObject("Object Repository/LunaSignIn/Page_Customer Login/span_Sign In")): Object: 'Object Repository/LunaSignIn/Page_Customer Login/span_Sign In' is clicked on

2023-11-29 17:15:40 - [MESSAGE][PASSED] - Object: 'Object Repository/LunaSignIn/Page_Customer Login/span_Sign In' is clicked on

2023-11-29 17:15:40 - [TEST_STEP][PASSED] - click(findTestObject("Object Repository/LunaSignIn/Page_Customer Login/img")): Object: 'Object Repository/LunaSignIn/Page_Customer Login/img' is clicked on

2023-11-29 17:15:46 - [MESSAGE][PASSED] - Object: 'Object Repository/LunaSignIn/Page_Customer Login/img' is clicked on

2023-11-29 17:15:46 - [TEST_STEP][PASSED] - closeBrowser(): Browser is closed

2023-11-29 17:15:47 - [MESSAGE][PASSED] - Browser is closed]]></system-out>
         <system-err><![CDATA[]]></system-err>
      </testcase>
      <testcase name="Test Cases/LunaForgotPassword" time="27.104" classname="Test Cases/LunaForgotPassword" status="PASSED">
         <system-out><![CDATA[2023-11-29 17:15:47 - [TEST_CASE][PASSED] - Test Cases/LunaForgotPassword: Test Cases/LunaForgotPassword

2023-11-29 17:15:48 - [TEST_STEP][PASSED] - openBrowser(""): Browser is opened with url: ''

2023-11-29 17:15:48 - [MESSAGE][INFO] - Starting 'Chrome' driver

2023-11-29 17:15:48 - [MESSAGE][INFO] - Action delay is set to 0 milliseconds

2023-11-29 17:15:49 - [MESSAGE][PASSED] - Browser is opened with url: ''

2023-11-29 17:15:49 - [TEST_STEP][PASSED] - navigateToUrl("https://magento.softwaretestingboard.com/"): Navigate to 'https://magento.softwaretestingboard.com/' successfully

2023-11-29 17:15:55 - [MESSAGE][PASSED] - Navigate to 'https://magento.softwaretestingboard.com/' successfully

2023-11-29 17:15:55 - [TEST_STEP][PASSED] - maximizeWindow(): Current window maximized

2023-11-29 17:15:55 - [MESSAGE][PASSED] - Current window maximized

2023-11-29 17:15:55 - [TEST_STEP][PASSED] - click(findTestObject("Object Repository/LunaForgotPassword/Page_Home Page/a_Sign In")): Object: 'Object Repository/LunaForgotPassword/Page_Home Page/a_Sign In' is clicked on

2023-11-29 17:16:02 - [MESSAGE][PASSED] - Object: 'Object Repository/LunaForgotPassword/Page_Home Page/a_Sign In' is clicked on

2023-11-29 17:16:02 - [TEST_STEP][PASSED] - click(findTestObject("Object Repository/LunaForgotPassword/Page_Customer Login/span_Forgot Your Password")): Object: 'Object Repository/LunaForgotPassword/Page_Customer Login/span_Forgot Your Password' is clicked on

2023-11-29 17:16:04 - [MESSAGE][PASSED] - Object: 'Object Repository/LunaForgotPassword/Page_Customer Login/span_Forgot Your Password' is clicked on

2023-11-29 17:16:04 - [TEST_STEP][PASSED] - setText(findTestObject("Object Repository/LunaForgotPassword/Page_Forgot Your Password/input_Email_email"), "test@gmail.com"): Text 'test@gmail.com' is set on object 'Object Repository/LunaForgotPassword/Page_Forgot Your Password/input_Email_email'

2023-11-29 17:16:05 - [MESSAGE][PASSED] - Text 'test@gmail.com' is set on object 'Object Repository/LunaForgotPassword/Page_Forgot Your Password/input_Email_email'

2023-11-29 17:16:05 - [TEST_STEP][PASSED] - click(findTestObject("Object Repository/LunaForgotPassword/Page_Forgot Your Password/span_Reset My Password")): Object: 'Object Repository/LunaForgotPassword/Page_Forgot Your Password/span_Reset My Password' is clicked on

2023-11-29 17:16:10 - [MESSAGE][PASSED] - Object: 'Object Repository/LunaForgotPassword/Page_Forgot Your Password/span_Reset My Password' is clicked on

2023-11-29 17:16:10 - [TEST_STEP][PASSED] - verifyElementVisible(findTestObject("Object Repository/LunaForgotPassword/Page_Customer Login/div_If there is an account associated with _63f896")): Object 'Object Repository/LunaForgotPassword/Page_Customer Login/div_If there is an account associated with _63f896' is visible

2023-11-29 17:16:11 - [MESSAGE][PASSED] - Object 'Object Repository/LunaForgotPassword/Page_Customer Login/div_If there is an account associated with _63f896' is visible

2023-11-29 17:16:11 - [TEST_STEP][PASSED] - click(findTestObject("Object Repository/LunaForgotPassword/Page_Customer Login/img")): Object: 'Object Repository/LunaForgotPassword/Page_Customer Login/img' is clicked on

2023-11-29 17:16:14 - [MESSAGE][PASSED] - Object: 'Object Repository/LunaForgotPassword/Page_Customer Login/img' is clicked on

2023-11-29 17:16:14 - [TEST_STEP][PASSED] - closeBrowser(): Browser is closed

2023-11-29 17:16:14 - [MESSAGE][PASSED] - Browser is closed]]></system-out>
         <system-err><![CDATA[]]></system-err>
      </testcase>
      <testcase name="Test Cases/LunaGear" time="32.078" classname="Test Cases/LunaGear" status="PASSED">
         <system-out><![CDATA[2023-11-29 17:16:14 - [TEST_CASE][PASSED] - Test Cases/LunaGear: Test Cases/LunaGear

2023-11-29 17:16:15 - [TEST_STEP][PASSED] - openBrowser(""): Browser is opened with url: ''

2023-11-29 17:16:15 - [MESSAGE][INFO] - Starting 'Chrome' driver

2023-11-29 17:16:15 - [MESSAGE][INFO] - Action delay is set to 0 milliseconds

2023-11-29 17:16:16 - [MESSAGE][PASSED] - Browser is opened with url: ''

2023-11-29 17:16:16 - [TEST_STEP][PASSED] - navigateToUrl("https://magento.softwaretestingboard.com/"): Navigate to 'https://magento.softwaretestingboard.com/' successfully

2023-11-29 17:16:24 - [MESSAGE][PASSED] - Navigate to 'https://magento.softwaretestingboard.com/' successfully

2023-11-29 17:16:24 - [TEST_STEP][PASSED] - maximizeWindow(): Current window maximized

2023-11-29 17:16:24 - [MESSAGE][PASSED] - Current window maximized

2023-11-29 17:16:24 - [TEST_STEP][PASSED] - click(findTestObject("Object Repository/LunaGearBags/Page_Home Page/span_Shorts_ui-menu-icon ui-icon ui-icon-carat-1-e")): Object: 'Object Repository/LunaGearBags/Page_Home Page/span_Shorts_ui-menu-icon ui-icon ui-icon-carat-1-e' is clicked on

2023-11-29 17:16:29 - [MESSAGE][PASSED] - Object: 'Object Repository/LunaGearBags/Page_Home Page/span_Shorts_ui-menu-icon ui-icon ui-icon-carat-1-e' is clicked on

2023-11-29 17:16:29 - [TEST_STEP][PASSED] - click(findTestObject("Object Repository/LunaGearBags/Page_Gear/a_Bags")): Object: 'Object Repository/LunaGearBags/Page_Gear/a_Bags' is clicked on

2023-11-29 17:16:33 - [MESSAGE][PASSED] - Object: 'Object Repository/LunaGearBags/Page_Gear/a_Bags' is clicked on

2023-11-29 17:16:33 - [TEST_STEP][PASSED] - mouseOver(findTestObject("Object Repository/LunaGearBags/Page_Bags - Gear/a_Push It Messenger Bag")): Object: 'Object Repository/LunaGearBags/Page_Bags - Gear/a_Push It Messenger Bag' is hovered

2023-11-29 17:16:33 - [MESSAGE][PASSED] - Object: 'Object Repository/LunaGearBags/Page_Bags - Gear/a_Push It Messenger Bag' is hovered

2023-11-29 17:16:33 - [TEST_STEP][PASSED] - click(findTestObject("Object Repository/LunaGearBags/Page_Bags - Gear/span_Add to Cart")): Object: 'Object Repository/LunaGearBags/Page_Bags - Gear/span_Add to Cart' is clicked on

2023-11-29 17:16:33 - [MESSAGE][PASSED] - Object: 'Object Repository/LunaGearBags/Page_Bags - Gear/span_Add to Cart' is clicked on

2023-11-29 17:16:33 - [TEST_STEP][PASSED] - click(findTestObject("Object Repository/LunaGearBags/Page_Push It Messenger Bag/a_More Information")): Object: 'Object Repository/LunaGearBags/Page_Push It Messenger Bag/a_More Information' is clicked on

2023-11-29 17:16:39 - [MESSAGE][PASSED] - Object: 'Object Repository/LunaGearBags/Page_Push It Messenger Bag/a_More Information' is clicked on

2023-11-29 17:16:39 - [TEST_STEP][PASSED] - click(findTestObject("Object Repository/LunaGearBags/Page_Push It Messenger Bag/a_Reviews 3")): Object: 'Object Repository/LunaGearBags/Page_Push It Messenger Bag/a_Reviews 3' is clicked on

2023-11-29 17:16:39 - [MESSAGE][PASSED] - Object: 'Object Repository/LunaGearBags/Page_Push It Messenger Bag/a_Reviews 3' is clicked on

2023-11-29 17:16:39 - [TEST_STEP][PASSED] - click(findTestObject("Object Repository/LunaGearBags/Page_Push It Messenger Bag/span_Add to Wish List")): Object: 'Object Repository/LunaGearBags/Page_Push It Messenger Bag/span_Add to Wish List' is clicked on

2023-11-29 17:16:43 - [MESSAGE][PASSED] - Object: 'Object Repository/LunaGearBags/Page_Push It Messenger Bag/span_Add to Wish List' is clicked on

2023-11-29 17:16:43 - [TEST_STEP][PASSED] - click(findTestObject("Object Repository/LunaGearBags/Page_Customer Login/img")): Object: 'Object Repository/LunaGearBags/Page_Customer Login/img' is clicked on

2023-11-29 17:16:47 - [MESSAGE][PASSED] - Object: 'Object Repository/LunaGearBags/Page_Customer Login/img' is clicked on]]></system-out>
         <system-err><![CDATA[]]></system-err>
      </testcase>
      <testcase name="Test Cases/LunaSale" time="35.967" classname="Test Cases/LunaSale" status="PASSED">
         <system-out><![CDATA[2023-11-29 17:16:47 - [TEST_CASE][PASSED] - Test Cases/LunaSale: Test Cases/LunaSale

2023-11-29 17:16:47 - [TEST_STEP][PASSED] - openBrowser(""): Browser is opened with url: ''

2023-11-29 17:16:47 - [MESSAGE][WARNING] - A browser is already opened. Closing browser and opening a new one

2023-11-29 17:16:48 - [MESSAGE][INFO] - Starting 'Chrome' driver

2023-11-29 17:16:48 - [MESSAGE][INFO] - Action delay is set to 0 milliseconds

2023-11-29 17:16:49 - [MESSAGE][PASSED] - Browser is opened with url: ''

2023-11-29 17:16:49 - [TEST_STEP][PASSED] - navigateToUrl("https://magento.softwaretestingboard.com/"): Navigate to 'https://magento.softwaretestingboard.com/' successfully

2023-11-29 17:16:54 - [MESSAGE][PASSED] - Navigate to 'https://magento.softwaretestingboard.com/' successfully

2023-11-29 17:16:54 - [TEST_STEP][PASSED] - maximizeWindow(): Current window maximized

2023-11-29 17:16:54 - [MESSAGE][PASSED] - Current window maximized

2023-11-29 17:16:54 - [TEST_STEP][PASSED] - click(findTestObject("Object Repository/Lunasale/Page_Home Page/span_Sale")): Object: 'Object Repository/Lunasale/Page_Home Page/span_Sale' is clicked on

2023-11-29 17:17:01 - [MESSAGE][PASSED] - Object: 'Object Repository/Lunasale/Page_Home Page/span_Sale' is clicked on

2023-11-29 17:17:01 - [TEST_STEP][PASSED] - click(findTestObject("Object Repository/Lunasale/Page_Sale/a_Tees")): Object: 'Object Repository/Lunasale/Page_Sale/a_Tees' is clicked on

2023-11-29 17:17:04 - [MESSAGE][PASSED] - Object: 'Object Repository/Lunasale/Page_Sale/a_Tees' is clicked on

2023-11-29 17:17:04 - [TEST_STEP][PASSED] - click(findTestObject("Object Repository/Lunasale/Page_Tees - Tops - Women/div_XS")): Object: 'Object Repository/Lunasale/Page_Tees - Tops - Women/div_XS' is clicked on

2023-11-29 17:17:05 - [MESSAGE][PASSED] - Object: 'Object Repository/Lunasale/Page_Tees - Tops - Women/div_XS' is clicked on

2023-11-29 17:17:05 - [TEST_STEP][PASSED] - click(findTestObject("Object Repository/Lunasale/Page_Tees - Tops - Women/span_Add to Cart")): Object: 'Object Repository/Lunasale/Page_Tees - Tops - Women/span_Add to Cart' is clicked on

2023-11-29 17:17:06 - [MESSAGE][PASSED] - Object: 'Object Repository/Lunasale/Page_Tees - Tops - Women/span_Add to Cart' is clicked on

2023-11-29 17:17:06 - [TEST_STEP][PASSED] - click(findTestObject("Object Repository/Lunasale/Page_Desiree Fitness Tee/div_Color_option-label-color-93-item-49")): Object: 'Object Repository/Lunasale/Page_Desiree Fitness Tee/div_Color_option-label-color-93-item-49' is clicked on

2023-11-29 17:17:13 - [MESSAGE][PASSED] - Object: 'Object Repository/Lunasale/Page_Desiree Fitness Tee/div_Color_option-label-color-93-item-49' is clicked on

2023-11-29 17:17:13 - [TEST_STEP][PASSED] - click(findTestObject("Object Repository/Lunasale/Page_Desiree Fitness Tee/span_Add to Wish List")): Object: 'Object Repository/Lunasale/Page_Desiree Fitness Tee/span_Add to Wish List' is clicked on

2023-11-29 17:17:18 - [MESSAGE][PASSED] - Object: 'Object Repository/Lunasale/Page_Desiree Fitness Tee/span_Add to Wish List' is clicked on

2023-11-29 17:17:18 - [TEST_STEP][PASSED] - back(): Navigate back successfully

2023-11-29 17:17:19 - [MESSAGE][PASSED] - Navigate back successfully

2023-11-29 17:17:19 - [TEST_STEP][PASSED] - click(findTestObject("Object Repository/Lunasale/Page_Customer Login/img")): Object: 'Object Repository/Lunasale/Page_Customer Login/img' is clicked on

2023-11-29 17:17:22 - [MESSAGE][PASSED] - Object: 'Object Repository/Lunasale/Page_Customer Login/img' is clicked on

2023-11-29 17:17:22 - [TEST_STEP][PASSED] - closeBrowser(): Browser is closed

2023-11-29 17:17:23 - [MESSAGE][PASSED] - Browser is closed]]></system-out>
         <system-err><![CDATA[]]></system-err>
      </testcase>
      <testcase name="Test Cases/LunaSearch" time="23.453" classname="Test Cases/LunaSearch" status="PASSED">
         <system-out><![CDATA[2023-11-29 17:17:23 - [TEST_CASE][PASSED] - Test Cases/LunaSearch: Test Cases/LunaSearch

2023-11-29 17:17:23 - [TEST_STEP][PASSED] - openBrowser(""): Browser is opened with url: ''

2023-11-29 17:17:23 - [MESSAGE][INFO] - Starting 'Chrome' driver

2023-11-29 17:17:23 - [MESSAGE][INFO] - Action delay is set to 0 milliseconds

2023-11-29 17:17:24 - [MESSAGE][PASSED] - Browser is opened with url: ''

2023-11-29 17:17:24 - [TEST_STEP][PASSED] - navigateToUrl("https://magento.softwaretestingboard.com/"): Navigate to 'https://magento.softwaretestingboard.com/' successfully

2023-11-29 17:17:32 - [MESSAGE][PASSED] - Navigate to 'https://magento.softwaretestingboard.com/' successfully

2023-11-29 17:17:32 - [TEST_STEP][PASSED] - maximizeWindow(): Current window maximized

2023-11-29 17:17:32 - [MESSAGE][PASSED] - Current window maximized

2023-11-29 17:17:32 - [TEST_STEP][PASSED] - click(findTestObject("Object Repository/LunaSearch/Page_Home Page/span_concat(What, , s New)_ui-menu-icon ui-_fd086e")): Object: 'Object Repository/LunaSearch/Page_Home Page/span_concat(What, , s New)_ui-menu-icon ui-_fd086e' is clicked on

2023-11-29 17:17:38 - [MESSAGE][PASSED] - Object: 'Object Repository/LunaSearch/Page_Home Page/span_concat(What, , s New)_ui-menu-icon ui-_fd086e' is clicked on

2023-11-29 17:17:38 - [TEST_STEP][PASSED] - click(findTestObject("Object Repository/LunaSearch/Page_Women/a_Tops")): Object: 'Object Repository/LunaSearch/Page_Women/a_Tops' is clicked on

2023-11-29 17:17:40 - [MESSAGE][PASSED] - Object: 'Object Repository/LunaSearch/Page_Women/a_Tops' is clicked on

2023-11-29 17:17:40 - [TEST_STEP][PASSED] - click(findTestObject("Object Repository/LunaSearch/Page_Tops - Women/div_Category")): Object: 'Object Repository/LunaSearch/Page_Tops - Women/div_Category' is clicked on

2023-11-29 17:17:41 - [MESSAGE][PASSED] - Object: 'Object Repository/LunaSearch/Page_Tops - Women/div_Category' is clicked on

2023-11-29 17:17:41 - [TEST_STEP][PASSED] - click(findTestObject("Object Repository/LunaSearch/Page_Tops - Women/a_Jackets 12item")): Object: 'Object Repository/LunaSearch/Page_Tops - Women/a_Jackets 12item' is clicked on

2023-11-29 17:17:43 - [MESSAGE][PASSED] - Object: 'Object Repository/LunaSearch/Page_Tops - Women/a_Jackets 12item' is clicked on

2023-11-29 17:17:43 - [TEST_STEP][PASSED] - click(findTestObject("Object Repository/LunaSearch/Page_Tops - Women/span_Clear All")): Object: 'Object Repository/LunaSearch/Page_Tops - Women/span_Clear All' is clicked on

2023-11-29 17:17:45 - [MESSAGE][PASSED] - Object: 'Object Repository/LunaSearch/Page_Tops - Women/span_Clear All' is clicked on

2023-11-29 17:17:45 - [TEST_STEP][PASSED] - closeBrowser(): Browser is closed

2023-11-29 17:17:46 - [MESSAGE][PASSED] - Browser is closed]]></system-out>
         <system-err><![CDATA[]]></system-err>
      </testcase>
      <testcase name="Test Cases/LunaSearchApparel" time="38.523" classname="Test Cases/LunaSearchApparel" status="PASSED">
         <system-out><![CDATA[2023-11-29 17:17:46 - [TEST_CASE][PASSED] - Test Cases/LunaSearchApparel: Test Cases/LunaSearchApparel

2023-11-29 17:17:46 - [TEST_STEP][PASSED] - openBrowser(""): Browser is opened with url: ''

2023-11-29 17:17:46 - [MESSAGE][INFO] - Starting 'Chrome' driver

2023-11-29 17:17:46 - [MESSAGE][INFO] - Action delay is set to 0 milliseconds

2023-11-29 17:17:48 - [MESSAGE][PASSED] - Browser is opened with url: ''

2023-11-29 17:17:48 - [TEST_STEP][PASSED] - navigateToUrl("https://magento.softwaretestingboard.com/"): Navigate to 'https://magento.softwaretestingboard.com/' successfully

2023-11-29 17:17:54 - [MESSAGE][PASSED] - Navigate to 'https://magento.softwaretestingboard.com/' successfully

2023-11-29 17:17:54 - [TEST_STEP][PASSED] - maximizeWindow(): Current window maximized

2023-11-29 17:17:54 - [MESSAGE][PASSED] - Current window maximized

2023-11-29 17:17:54 - [TEST_STEP][PASSED] - click(findTestObject("Object Repository/LunaMenApparel/Page_Home Page/span_Shorts_ui-menu-icon ui-icon ui-icon-carat-1-e")): Object: 'Object Repository/LunaMenApparel/Page_Home Page/span_Shorts_ui-menu-icon ui-icon ui-icon-carat-1-e' is clicked on

2023-11-29 17:17:59 - [MESSAGE][PASSED] - Object: 'Object Repository/LunaMenApparel/Page_Home Page/span_Shorts_ui-menu-icon ui-icon ui-icon-carat-1-e' is clicked on

2023-11-29 17:17:59 - [TEST_STEP][PASSED] - click(findTestObject("Object Repository/LunaMenApparel/Page_Men/a_Bottoms")): Object: 'Object Repository/LunaMenApparel/Page_Men/a_Bottoms' is clicked on

2023-11-29 17:18:03 - [MESSAGE][PASSED] - Object: 'Object Repository/LunaMenApparel/Page_Men/a_Bottoms' is clicked on

2023-11-29 17:18:03 - [TEST_STEP][PASSED] - click(findTestObject("Object Repository/LunaMenApparel/Page_Bottoms - Men/div_Category")): Object: 'Object Repository/LunaMenApparel/Page_Bottoms - Men/div_Category' is clicked on

2023-11-29 17:18:03 - [MESSAGE][PASSED] - Object: 'Object Repository/LunaMenApparel/Page_Bottoms - Men/div_Category' is clicked on

2023-11-29 17:18:03 - [TEST_STEP][PASSED] - click(findTestObject("Object Repository/LunaMenApparel/Page_Bottoms - Men/a_Pants 12item")): Object: 'Object Repository/LunaMenApparel/Page_Bottoms - Men/a_Pants 12item' is clicked on

2023-11-29 17:18:06 - [MESSAGE][PASSED] - Object: 'Object Repository/LunaMenApparel/Page_Bottoms - Men/a_Pants 12item' is clicked on

2023-11-29 17:18:06 - [TEST_STEP][PASSED] - click(findTestObject("Object Repository/LunaMenApparel/Page_Bottoms - Men/div_33")): Object: 'Object Repository/LunaMenApparel/Page_Bottoms - Men/div_33' is clicked on

2023-11-29 17:18:07 - [MESSAGE][PASSED] - Object: 'Object Repository/LunaMenApparel/Page_Bottoms - Men/div_33' is clicked on

2023-11-29 17:18:07 - [TEST_STEP][PASSED] - click(findTestObject("Object Repository/LunaMenApparel/Page_Bottoms - Men/div_48.00_option-label-color-93-item-49")): Object: 'Object Repository/LunaMenApparel/Page_Bottoms - Men/div_48.00_option-label-color-93-item-49' is clicked on

2023-11-29 17:18:08 - [MESSAGE][PASSED] - Object: 'Object Repository/LunaMenApparel/Page_Bottoms - Men/div_48.00_option-label-color-93-item-49' is clicked on

2023-11-29 17:18:08 - [TEST_STEP][PASSED] - click(findTestObject("Object Repository/LunaMenApparel/Page_Bottoms - Men/button_Add to Cart")): Object: 'Object Repository/LunaMenApparel/Page_Bottoms - Men/button_Add to Cart' is clicked on

2023-11-29 17:18:10 - [MESSAGE][PASSED] - Object: 'Object Repository/LunaMenApparel/Page_Bottoms - Men/button_Add to Cart' is clicked on

2023-11-29 17:18:10 - [TEST_STEP][PASSED] - click(findTestObject("Object Repository/LunaMenApparel/Page_Bottoms - Men/a_shopping cart")): Object: 'Object Repository/LunaMenApparel/Page_Bottoms - Men/a_shopping cart' is clicked on

2023-11-29 17:18:21 - [MESSAGE][PASSED] - Object: 'Object Repository/LunaMenApparel/Page_Bottoms - Men/a_shopping cart' is clicked on

2023-11-29 17:18:21 - [TEST_STEP][PASSED] - click(findTestObject("Object Repository/LunaMenApparel/Page_Shopping Cart/img")): Object: 'Object Repository/LunaMenApparel/Page_Shopping Cart/img' is clicked on

2023-11-29 17:18:24 - [MESSAGE][PASSED] - Object: 'Object Repository/LunaMenApparel/Page_Shopping Cart/img' is clicked on

2023-11-29 17:18:24 - [TEST_STEP][PASSED] - closeBrowser(): Browser is closed

2023-11-29 17:18:24 - [MESSAGE][PASSED] - Browser is closed]]></system-out>
         <system-err><![CDATA[]]></system-err>
      </testcase>
      <testcase name="Test Cases/LunaWatches" time="91.401" classname="Test Cases/LunaWatches" status="PASSED">
         <system-out><![CDATA[2023-11-29 17:18:25 - [TEST_CASE][PASSED] - Test Cases/LunaWatches: Test Cases/LunaWatches

2023-11-29 17:18:25 - [TEST_STEP][PASSED] - openBrowser(""): Browser is opened with url: ''

2023-11-29 17:18:25 - [MESSAGE][INFO] - Starting 'Chrome' driver

2023-11-29 17:18:25 - [MESSAGE][INFO] - Action delay is set to 0 milliseconds

2023-11-29 17:18:27 - [MESSAGE][PASSED] - Browser is opened with url: ''

2023-11-29 17:18:27 - [TEST_STEP][PASSED] - navigateToUrl("https://magento.softwaretestingboard.com/"): Navigate to 'https://magento.softwaretestingboard.com/' successfully

2023-11-29 17:18:38 - [MESSAGE][PASSED] - Navigate to 'https://magento.softwaretestingboard.com/' successfully

2023-11-29 17:18:38 - [TEST_STEP][PASSED] - maximizeWindow(): Current window maximized

2023-11-29 17:18:38 - [MESSAGE][PASSED] - Current window maximized

2023-11-29 17:18:38 - [TEST_STEP][PASSED] - mouseOver(findTestObject("Object Repository/LunaWatches/Page_Home Page/a_Gear")): Object: 'Object Repository/LunaWatches/Page_Home Page/a_Gear' is hovered

2023-11-29 17:18:47 - [MESSAGE][PASSED] - Object: 'Object Repository/LunaWatches/Page_Home Page/a_Gear' is hovered

2023-11-29 17:18:47 - [TEST_STEP][PASSED] - click(findTestObject("Object Repository/LunaWatches/Page_Gear/span_Watches")): Object: 'Object Repository/LunaWatches/Page_Gear/span_Watches' is clicked on

2023-11-29 17:19:11 - [MESSAGE][PASSED] - Object: 'Object Repository/LunaWatches/Page_Gear/span_Watches' is clicked on

2023-11-29 17:19:11 - [TEST_STEP][PASSED] - click(findTestObject("Object Repository/LunaWatches/Page_Watches - Gear/a_List")): Object: 'Object Repository/LunaWatches/Page_Watches - Gear/a_List' is clicked on

2023-11-29 17:19:15 - [MESSAGE][PASSED] - Object: 'Object Repository/LunaWatches/Page_Watches - Gear/a_List' is clicked on

2023-11-29 17:19:15 - [TEST_STEP][PASSED] - click(findTestObject("Object Repository/LunaWatches/Page_Watches - Gear/button_Add to Cart")): Object: 'Object Repository/LunaWatches/Page_Watches - Gear/button_Add to Cart' is clicked on

2023-11-29 17:19:16 - [MESSAGE][PASSED] - Object: 'Object Repository/LunaWatches/Page_Watches - Gear/button_Add to Cart' is clicked on

2023-11-29 17:19:16 - [TEST_STEP][PASSED] - setText(findTestObject("Object Repository/LunaWatches/Page_Didi Sport Watch/input_Qty_qty"), "4"): Text '4' is set on object 'Object Repository/LunaWatches/Page_Didi Sport Watch/input_Qty_qty'

2023-11-29 17:19:36 - [MESSAGE][PASSED] - Text '4' is set on object 'Object Repository/LunaWatches/Page_Didi Sport Watch/input_Qty_qty'

2023-11-29 17:19:36 - [TEST_STEP][PASSED] - click(findTestObject("Object Repository/LunaWatches/Page_Didi Sport Watch/span_Add to Cart")): Object: 'Object Repository/LunaWatches/Page_Didi Sport Watch/span_Add to Cart' is clicked on

2023-11-29 17:19:36 - [MESSAGE][PASSED] - Object: 'Object Repository/LunaWatches/Page_Didi Sport Watch/span_Add to Cart' is clicked on

2023-11-29 17:19:36 - [TEST_STEP][PASSED] - click(findTestObject("Object Repository/LunaWatches/Page_Didi Sport Watch/a_Home")): Object: 'Object Repository/LunaWatches/Page_Didi Sport Watch/a_Home' is clicked on

2023-11-29 17:19:56 - [MESSAGE][PASSED] - Object: 'Object Repository/LunaWatches/Page_Didi Sport Watch/a_Home' is clicked on]]></system-out>
         <system-err><![CDATA[]]></system-err>
      </testcase>
      <system-out><![CDATA[2023-11-29 17:14:48 - [TEST_SUITE][PASSED] - Luna: Test Cases/LunaWatches]]></system-out>
      <system-err><![CDATA[]]></system-err>
   </testsuite>
</testsuites>
