<?xml version="1.0" encoding="UTF-8"?>
<testsuites name="Luna" time="551.591" tests="8" failures="0" errors="0">
   <testsuite name="Luna" tests="8" failures="0" errors="0" time="551.591" skipped="0" timestamp="2023-11-29 18:17:24" hostname="Praveen Reddy - LAPTOP-FO4697CL" id="Test Suites/Luna">
      <properties>
         <property name="deviceName" value=""/>
         <property name="devicePlatform" value=""/>
         <property name="logFolder" value="C:\\Users\\phlv5\\Katalon Studio\\Git\\LunaPHP\\Reports\\20231129_181410\\Luna\\20231129_181415"/>
         <property name="logFiles" value="C:\\Users\\phlv5\\Katalon Studio\\Git\\LunaPHP\\Reports\\20231129_181410\\Luna\\20231129_181415\\execution0.log"/>
         <property name="attachments" value=""/>
         <property name="hostName" value="Praveen Reddy - LAPTOP-FO4697CL"/>
         <property name="os" value="Windows 11 64bit"/>
         <property name="katalonVersion" value="8.6.8.208"/>
         <property name="browser" value="Chrome 119.0.0.0"/>
         <property name="hostAddress" value="192.168.116.65"/>
         <property name="sessionId" value="933705c4d431aeb8ef3d329f6466a776"/>
         <property name="seleniumVersion" value="3.141.59"/>
         <property name="proxyInformation" value="ProxyInformation { proxyOption=NO_PROXY, proxyServerType=HTTP, username=, password=********, proxyServerAddress=, proxyServerPort=0, executionList=&quot;&quot;, isApplyToDesiredCapabilities=true }"/>
         <property name="platform" value="Windows 11"/>
      </properties>
      <testcase name="Test Cases/LunaCreateAccount" time="28.51" classname="Test Cases/LunaCreateAccount" status="PASSED">
         <system-out><![CDATA[2023-11-29 18:17:24 - [TEST_CASE][PASSED] - Test Cases/LunaCreateAccount: Test Cases/LunaCreateAccount

2023-11-29 18:17:25 - [TEST_STEP][PASSED] - openBrowser(""): Browser is opened with url: ''

2023-11-29 18:17:25 - [MESSAGE][INFO] - Starting 'Chrome' driver

2023-11-29 18:17:25 - [MESSAGE][INFO] - Action delay is set to 0 milliseconds

2023-11-29 18:17:28 - [MESSAGE][PASSED] - Browser is opened with url: ''

2023-11-29 18:17:28 - [TEST_STEP][PASSED] - navigateToUrl("https://magento.softwaretestingboard.com/"): Navigate to 'https://magento.softwaretestingboard.com/' successfully

2023-11-29 18:17:35 - [MESSAGE][PASSED] - Navigate to 'https://magento.softwaretestingboard.com/' successfully

2023-11-29 18:17:35 - [TEST_STEP][PASSED] - maximizeWindow(): Current window maximized

2023-11-29 18:17:35 - [MESSAGE][PASSED] - Current window maximized

2023-11-29 18:17:35 - [TEST_STEP][PASSED] - click(findTestObject("Object Repository/LunaCreateAccount/Page_Home Page/a_Create an Account")): Object: 'Object Repository/LunaCreateAccount/Page_Home Page/a_Create an Account' is clicked on

2023-11-29 18:17:39 - [MESSAGE][PASSED] - Object: 'Object Repository/LunaCreateAccount/Page_Home Page/a_Create an Account' is clicked on

2023-11-29 18:17:39 - [TEST_STEP][PASSED] - setText(findTestObject("Object Repository/LunaCreateAccount/Page_Create New Customer Account/input_First Name_firstname"), "Test"): Text 'Test' is set on object 'Object Repository/LunaCreateAccount/Page_Create New Customer Account/input_First Name_firstname'

2023-11-29 18:17:41 - [MESSAGE][PASSED] - Text 'Test' is set on object 'Object Repository/LunaCreateAccount/Page_Create New Customer Account/input_First Name_firstname'

2023-11-29 18:17:41 - [TEST_STEP][PASSED] - setText(findTestObject("Object Repository/LunaCreateAccount/Page_Create New Customer Account/input_Last Name_lastname"), "User"): Text 'User' is set on object 'Object Repository/LunaCreateAccount/Page_Create New Customer Account/input_Last Name_lastname'

2023-11-29 18:17:42 - [MESSAGE][PASSED] - Text 'User' is set on object 'Object Repository/LunaCreateAccount/Page_Create New Customer Account/input_Last Name_lastname'

2023-11-29 18:17:42 - [TEST_STEP][PASSED] - setText(findTestObject("Object Repository/LunaCreateAccount/Page_Create New Customer Account/input_Email_email"), "test@gmail.com"): Text 'test@gmail.com' is set on object 'Object Repository/LunaCreateAccount/Page_Create New Customer Account/input_Email_email'

2023-11-29 18:17:43 - [MESSAGE][PASSED] - Text 'test@gmail.com' is set on object 'Object Repository/LunaCreateAccount/Page_Create New Customer Account/input_Email_email'

2023-11-29 18:17:43 - [TEST_STEP][PASSED] - setEncryptedText(findTestObject("Object Repository/LunaCreateAccount/Page_Create New Customer Account/input_Password_password"), "cvW8qx4B2o3F4VwP/kNsqA=="): Text ****** has been set on object 'Object Repository/LunaCreateAccount/Page_Create New Customer Account/input_Password_password'

2023-11-29 18:17:43 - [MESSAGE][PASSED] - Text ****** has been set on object 'Object Repository/LunaCreateAccount/Page_Create New Customer Account/input_Password_password'

2023-11-29 18:17:43 - [TEST_STEP][PASSED] - setEncryptedText(findTestObject("Object Repository/LunaCreateAccount/Page_Create New Customer Account/input_Confirm Password_password_confirmation"), "cvW8qx4B2o3F4VwP/kNsqA=="): Text ****** has been set on object 'Object Repository/LunaCreateAccount/Page_Create New Customer Account/input_Confirm Password_password_confirmation'

2023-11-29 18:17:44 - [MESSAGE][PASSED] - Text ****** has been set on object 'Object Repository/LunaCreateAccount/Page_Create New Customer Account/input_Confirm Password_password_confirmation'

2023-11-29 18:17:44 - [TEST_STEP][PASSED] - click(findTestObject("Object Repository/LunaCreateAccount/Page_Create New Customer Account/span_Create an Account")): Object: 'Object Repository/LunaCreateAccount/Page_Create New Customer Account/span_Create an Account' is clicked on

2023-11-29 18:17:48 - [MESSAGE][PASSED] - Object: 'Object Repository/LunaCreateAccount/Page_Create New Customer Account/span_Create an Account' is clicked on

2023-11-29 18:17:48 - [TEST_STEP][PASSED] - click(findTestObject("Object Repository/LunaCreateAccount/Page_Create New Customer Account/img")): Object: 'Object Repository/LunaCreateAccount/Page_Create New Customer Account/img' is clicked on

2023-11-29 18:17:52 - [MESSAGE][PASSED] - Object: 'Object Repository/LunaCreateAccount/Page_Create New Customer Account/img' is clicked on

2023-11-29 18:17:52 - [TEST_STEP][PASSED] - closeBrowser(): Browser is closed

2023-11-29 18:17:53 - [MESSAGE][PASSED] - Browser is closed]]></system-out>
         <system-err><![CDATA[]]></system-err>
      </testcase>
      <testcase name="Test Cases/LunaSignIn" time="74.193" classname="Test Cases/LunaSignIn" status="PASSED">
         <system-out><![CDATA[2023-11-29 18:17:53 - [TEST_CASE][PASSED] - Test Cases/LunaSignIn: Test Cases/LunaSignIn

2023-11-29 18:17:54 - [TEST_STEP][PASSED] - openBrowser(""): Browser is opened with url: ''

2023-11-29 18:17:54 - [MESSAGE][INFO] - Starting 'Chrome' driver

2023-11-29 18:17:54 - [MESSAGE][INFO] - Action delay is set to 0 milliseconds

2023-11-29 18:17:55 - [MESSAGE][PASSED] - Browser is opened with url: ''

2023-11-29 18:17:55 - [TEST_STEP][PASSED] - navigateToUrl("https://magento.softwaretestingboard.com/"): Navigate to 'https://magento.softwaretestingboard.com/' successfully

2023-11-29 18:18:13 - [MESSAGE][PASSED] - Navigate to 'https://magento.softwaretestingboard.com/' successfully

2023-11-29 18:18:13 - [TEST_STEP][PASSED] - maximizeWindow(): Current window maximized

2023-11-29 18:18:13 - [MESSAGE][PASSED] - Current window maximized

2023-11-29 18:18:13 - [TEST_STEP][PASSED] - click(findTestObject("Object Repository/LunaSignIn/Page_Home Page/a_Sign In")): Object: 'Object Repository/LunaSignIn/Page_Home Page/a_Sign In' is clicked on

2023-11-29 18:18:20 - [MESSAGE][PASSED] - Object: 'Object Repository/LunaSignIn/Page_Home Page/a_Sign In' is clicked on

2023-11-29 18:18:20 - [TEST_STEP][PASSED] - setText(findTestObject("Object Repository/LunaSignIn/Page_Customer Login/input_Email_loginusername"), "test@gmail.com"): Text 'test@gmail.com' is set on object 'Object Repository/LunaSignIn/Page_Customer Login/input_Email_loginusername'

2023-11-29 18:18:34 - [MESSAGE][PASSED] - Text 'test@gmail.com' is set on object 'Object Repository/LunaSignIn/Page_Customer Login/input_Email_loginusername'

2023-11-29 18:18:34 - [TEST_STEP][PASSED] - setEncryptedText(findTestObject("Object Repository/LunaSignIn/Page_Customer Login/input_Password_loginpassword"), "cvW8qx4B2o3F4VwP/kNsqA=="): Text ****** has been set on object 'Object Repository/LunaSignIn/Page_Customer Login/input_Password_loginpassword'

2023-11-29 18:18:35 - [MESSAGE][PASSED] - Text ****** has been set on object 'Object Repository/LunaSignIn/Page_Customer Login/input_Password_loginpassword'

2023-11-29 18:18:35 - [TEST_STEP][PASSED] - click(findTestObject("Object Repository/LunaSignIn/Page_Customer Login/span_Sign In")): Object: 'Object Repository/LunaSignIn/Page_Customer Login/span_Sign In' is clicked on

2023-11-29 18:18:48 - [MESSAGE][PASSED] - Object: 'Object Repository/LunaSignIn/Page_Customer Login/span_Sign In' is clicked on

2023-11-29 18:18:48 - [TEST_STEP][PASSED] - click(findTestObject("Object Repository/LunaSignIn/Page_Customer Login/img")): Object: 'Object Repository/LunaSignIn/Page_Customer Login/img' is clicked on

2023-11-29 18:19:06 - [MESSAGE][PASSED] - Object: 'Object Repository/LunaSignIn/Page_Customer Login/img' is clicked on

2023-11-29 18:19:06 - [TEST_STEP][PASSED] - closeBrowser(): Browser is closed

2023-11-29 18:19:07 - [MESSAGE][PASSED] - Browser is closed]]></system-out>
         <system-err><![CDATA[]]></system-err>
      </testcase>
      <testcase name="Test Cases/LunaForgotPassword" time="93.069" classname="Test Cases/LunaForgotPassword" status="PASSED">
         <system-out><![CDATA[2023-11-29 18:19:07 - [TEST_CASE][PASSED] - Test Cases/LunaForgotPassword: Test Cases/LunaForgotPassword

2023-11-29 18:19:08 - [TEST_STEP][PASSED] - openBrowser(""): Browser is opened with url: ''

2023-11-29 18:19:08 - [MESSAGE][INFO] - Starting 'Chrome' driver

2023-11-29 18:19:08 - [MESSAGE][INFO] - Action delay is set to 0 milliseconds

2023-11-29 18:19:10 - [MESSAGE][PASSED] - Browser is opened with url: ''

2023-11-29 18:19:10 - [TEST_STEP][PASSED] - navigateToUrl("https://magento.softwaretestingboard.com/"): Navigate to 'https://magento.softwaretestingboard.com/' successfully

2023-11-29 18:19:33 - [MESSAGE][PASSED] - Navigate to 'https://magento.softwaretestingboard.com/' successfully

2023-11-29 18:19:33 - [TEST_STEP][PASSED] - maximizeWindow(): Current window maximized

2023-11-29 18:19:33 - [MESSAGE][PASSED] - Current window maximized

2023-11-29 18:19:33 - [TEST_STEP][PASSED] - click(findTestObject("Object Repository/LunaForgotPassword/Page_Home Page/a_Sign In")): Object: 'Object Repository/LunaForgotPassword/Page_Home Page/a_Sign In' is clicked on

2023-11-29 18:19:49 - [MESSAGE][PASSED] - Object: 'Object Repository/LunaForgotPassword/Page_Home Page/a_Sign In' is clicked on

2023-11-29 18:19:49 - [TEST_STEP][PASSED] - click(findTestObject("Object Repository/LunaForgotPassword/Page_Customer Login/span_Forgot Your Password")): Object: 'Object Repository/LunaForgotPassword/Page_Customer Login/span_Forgot Your Password' is clicked on

2023-11-29 18:20:05 - [MESSAGE][PASSED] - Object: 'Object Repository/LunaForgotPassword/Page_Customer Login/span_Forgot Your Password' is clicked on

2023-11-29 18:20:05 - [TEST_STEP][PASSED] - setText(findTestObject("Object Repository/LunaForgotPassword/Page_Forgot Your Password/input_Email_email"), "test@gmail.com"): Text 'test@gmail.com' is set on object 'Object Repository/LunaForgotPassword/Page_Forgot Your Password/input_Email_email'

2023-11-29 18:20:06 - [MESSAGE][PASSED] - Text 'test@gmail.com' is set on object 'Object Repository/LunaForgotPassword/Page_Forgot Your Password/input_Email_email'

2023-11-29 18:20:06 - [TEST_STEP][PASSED] - click(findTestObject("Object Repository/LunaForgotPassword/Page_Forgot Your Password/span_Reset My Password")): Object: 'Object Repository/LunaForgotPassword/Page_Forgot Your Password/span_Reset My Password' is clicked on

2023-11-29 18:20:30 - [MESSAGE][PASSED] - Object: 'Object Repository/LunaForgotPassword/Page_Forgot Your Password/span_Reset My Password' is clicked on

2023-11-29 18:20:30 - [TEST_STEP][PASSED] - verifyElementVisible(findTestObject("Object Repository/LunaForgotPassword/Page_Customer Login/div_If there is an account associated with _63f896")): Object 'Object Repository/LunaForgotPassword/Page_Customer Login/div_If there is an account associated with _63f896' is visible

2023-11-29 18:20:35 - [MESSAGE][PASSED] - Object 'Object Repository/LunaForgotPassword/Page_Customer Login/div_If there is an account associated with _63f896' is visible

2023-11-29 18:20:35 - [TEST_STEP][PASSED] - click(findTestObject("Object Repository/LunaForgotPassword/Page_Customer Login/img")): Object: 'Object Repository/LunaForgotPassword/Page_Customer Login/img' is clicked on

2023-11-29 18:20:39 - [MESSAGE][PASSED] - Object: 'Object Repository/LunaForgotPassword/Page_Customer Login/img' is clicked on

2023-11-29 18:20:39 - [TEST_STEP][PASSED] - closeBrowser(): Browser is closed

2023-11-29 18:20:40 - [MESSAGE][PASSED] - Browser is closed]]></system-out>
         <system-err><![CDATA[]]></system-err>
      </testcase>
      <testcase name="Test Cases/LunaGear" time="58.817" classname="Test Cases/LunaGear" status="PASSED">
         <system-out><![CDATA[2023-11-29 18:20:40 - [TEST_CASE][PASSED] - Test Cases/LunaGear: Test Cases/LunaGear

2023-11-29 18:20:41 - [TEST_STEP][PASSED] - openBrowser(""): Browser is opened with url: ''

2023-11-29 18:20:41 - [MESSAGE][INFO] - Starting 'Chrome' driver

2023-11-29 18:20:41 - [MESSAGE][INFO] - Action delay is set to 0 milliseconds

2023-11-29 18:20:43 - [MESSAGE][PASSED] - Browser is opened with url: ''

2023-11-29 18:20:43 - [TEST_STEP][PASSED] - navigateToUrl("https://magento.softwaretestingboard.com/"): Navigate to 'https://magento.softwaretestingboard.com/' successfully

2023-11-29 18:20:50 - [MESSAGE][PASSED] - Navigate to 'https://magento.softwaretestingboard.com/' successfully

2023-11-29 18:20:50 - [TEST_STEP][PASSED] - maximizeWindow(): Current window maximized

2023-11-29 18:20:50 - [MESSAGE][PASSED] - Current window maximized

2023-11-29 18:20:50 - [TEST_STEP][PASSED] - click(findTestObject("Object Repository/LunaGearBags/Page_Home Page/span_Shorts_ui-menu-icon ui-icon ui-icon-carat-1-e")): Object: 'Object Repository/LunaGearBags/Page_Home Page/span_Shorts_ui-menu-icon ui-icon ui-icon-carat-1-e' is clicked on

2023-11-29 18:20:57 - [MESSAGE][PASSED] - Object: 'Object Repository/LunaGearBags/Page_Home Page/span_Shorts_ui-menu-icon ui-icon ui-icon-carat-1-e' is clicked on

2023-11-29 18:20:57 - [TEST_STEP][PASSED] - click(findTestObject("Object Repository/LunaGearBags/Page_Gear/a_Bags")): Object: 'Object Repository/LunaGearBags/Page_Gear/a_Bags' is clicked on

2023-11-29 18:21:05 - [MESSAGE][PASSED] - Object: 'Object Repository/LunaGearBags/Page_Gear/a_Bags' is clicked on

2023-11-29 18:21:05 - [TEST_STEP][PASSED] - mouseOver(findTestObject("Object Repository/LunaGearBags/Page_Bags - Gear/a_Push It Messenger Bag")): Object: 'Object Repository/LunaGearBags/Page_Bags - Gear/a_Push It Messenger Bag' is hovered

2023-11-29 18:21:06 - [MESSAGE][PASSED] - Object: 'Object Repository/LunaGearBags/Page_Bags - Gear/a_Push It Messenger Bag' is hovered

2023-11-29 18:21:06 - [TEST_STEP][PASSED] - click(findTestObject("Object Repository/LunaGearBags/Page_Bags - Gear/span_Add to Cart")): Object: 'Object Repository/LunaGearBags/Page_Bags - Gear/span_Add to Cart' is clicked on

2023-11-29 18:21:06 - [MESSAGE][PASSED] - Object: 'Object Repository/LunaGearBags/Page_Bags - Gear/span_Add to Cart' is clicked on

2023-11-29 18:21:06 - [TEST_STEP][PASSED] - click(findTestObject("Object Repository/LunaGearBags/Page_Push It Messenger Bag/a_More Information")): Object: 'Object Repository/LunaGearBags/Page_Push It Messenger Bag/a_More Information' is clicked on

2023-11-29 18:21:19 - [MESSAGE][PASSED] - Object: 'Object Repository/LunaGearBags/Page_Push It Messenger Bag/a_More Information' is clicked on

2023-11-29 18:21:19 - [TEST_STEP][PASSED] - click(findTestObject("Object Repository/LunaGearBags/Page_Push It Messenger Bag/a_Reviews 3")): Object: 'Object Repository/LunaGearBags/Page_Push It Messenger Bag/a_Reviews 3' is clicked on

2023-11-29 18:21:19 - [MESSAGE][PASSED] - Object: 'Object Repository/LunaGearBags/Page_Push It Messenger Bag/a_Reviews 3' is clicked on

2023-11-29 18:21:19 - [TEST_STEP][PASSED] - click(findTestObject("Object Repository/LunaGearBags/Page_Push It Messenger Bag/span_Add to Wish List")): Object: 'Object Repository/LunaGearBags/Page_Push It Messenger Bag/span_Add to Wish List' is clicked on

2023-11-29 18:21:31 - [MESSAGE][PASSED] - Object: 'Object Repository/LunaGearBags/Page_Push It Messenger Bag/span_Add to Wish List' is clicked on

2023-11-29 18:21:31 - [TEST_STEP][PASSED] - click(findTestObject("Object Repository/LunaGearBags/Page_Customer Login/img")): Object: 'Object Repository/LunaGearBags/Page_Customer Login/img' is clicked on

2023-11-29 18:21:39 - [MESSAGE][PASSED] - Object: 'Object Repository/LunaGearBags/Page_Customer Login/img' is clicked on]]></system-out>
         <system-err><![CDATA[]]></system-err>
      </testcase>
      <testcase name="Test Cases/LunaSale" time="63.632" classname="Test Cases/LunaSale" status="PASSED">
         <system-out><![CDATA[2023-11-29 18:21:39 - [TEST_CASE][PASSED] - Test Cases/LunaSale: Test Cases/LunaSale

2023-11-29 18:21:40 - [TEST_STEP][PASSED] - openBrowser(""): Browser is opened with url: ''

2023-11-29 18:21:40 - [MESSAGE][WARNING] - A browser is already opened. Closing browser and opening a new one

2023-11-29 18:21:41 - [MESSAGE][INFO] - Starting 'Chrome' driver

2023-11-29 18:21:41 - [MESSAGE][INFO] - Action delay is set to 0 milliseconds

2023-11-29 18:21:42 - [MESSAGE][PASSED] - Browser is opened with url: ''

2023-11-29 18:21:42 - [TEST_STEP][PASSED] - navigateToUrl("https://magento.softwaretestingboard.com/"): Navigate to 'https://magento.softwaretestingboard.com/' successfully

2023-11-29 18:21:53 - [MESSAGE][PASSED] - Navigate to 'https://magento.softwaretestingboard.com/' successfully

2023-11-29 18:21:53 - [TEST_STEP][PASSED] - maximizeWindow(): Current window maximized

2023-11-29 18:21:53 - [MESSAGE][PASSED] - Current window maximized

2023-11-29 18:21:53 - [TEST_STEP][PASSED] - click(findTestObject("Object Repository/Lunasale/Page_Home Page/span_Sale")): Object: 'Object Repository/Lunasale/Page_Home Page/span_Sale' is clicked on

2023-11-29 18:21:59 - [MESSAGE][PASSED] - Object: 'Object Repository/Lunasale/Page_Home Page/span_Sale' is clicked on

2023-11-29 18:21:59 - [TEST_STEP][PASSED] - click(findTestObject("Object Repository/Lunasale/Page_Sale/a_Tees")): Object: 'Object Repository/Lunasale/Page_Sale/a_Tees' is clicked on

2023-11-29 18:22:04 - [MESSAGE][PASSED] - Object: 'Object Repository/Lunasale/Page_Sale/a_Tees' is clicked on

2023-11-29 18:22:04 - [TEST_STEP][PASSED] - click(findTestObject("Object Repository/Lunasale/Page_Tees - Tops - Women/div_XS")): Object: 'Object Repository/Lunasale/Page_Tees - Tops - Women/div_XS' is clicked on

2023-11-29 18:22:04 - [MESSAGE][PASSED] - Object: 'Object Repository/Lunasale/Page_Tees - Tops - Women/div_XS' is clicked on

2023-11-29 18:22:04 - [TEST_STEP][PASSED] - click(findTestObject("Object Repository/Lunasale/Page_Tees - Tops - Women/span_Add to Cart")): Object: 'Object Repository/Lunasale/Page_Tees - Tops - Women/span_Add to Cart' is clicked on

2023-11-29 18:22:05 - [MESSAGE][PASSED] - Object: 'Object Repository/Lunasale/Page_Tees - Tops - Women/span_Add to Cart' is clicked on

2023-11-29 18:22:05 - [TEST_STEP][PASSED] - click(findTestObject("Object Repository/Lunasale/Page_Desiree Fitness Tee/div_Color_option-label-color-93-item-49")): Object: 'Object Repository/Lunasale/Page_Desiree Fitness Tee/div_Color_option-label-color-93-item-49' is clicked on

2023-11-29 18:22:21 - [MESSAGE][PASSED] - Object: 'Object Repository/Lunasale/Page_Desiree Fitness Tee/div_Color_option-label-color-93-item-49' is clicked on

2023-11-29 18:22:21 - [TEST_STEP][PASSED] - click(findTestObject("Object Repository/Lunasale/Page_Desiree Fitness Tee/span_Add to Wish List")): Object: 'Object Repository/Lunasale/Page_Desiree Fitness Tee/span_Add to Wish List' is clicked on

2023-11-29 18:22:32 - [MESSAGE][PASSED] - Object: 'Object Repository/Lunasale/Page_Desiree Fitness Tee/span_Add to Wish List' is clicked on

2023-11-29 18:22:32 - [TEST_STEP][PASSED] - back(): Navigate back successfully

2023-11-29 18:22:35 - [MESSAGE][PASSED] - Navigate back successfully

2023-11-29 18:22:35 - [TEST_STEP][PASSED] - click(findTestObject("Object Repository/Lunasale/Page_Customer Login/img")): Object: 'Object Repository/Lunasale/Page_Customer Login/img' is clicked on

2023-11-29 18:22:42 - [MESSAGE][PASSED] - Object: 'Object Repository/Lunasale/Page_Customer Login/img' is clicked on

2023-11-29 18:22:42 - [TEST_STEP][PASSED] - closeBrowser(): Browser is closed

2023-11-29 18:22:43 - [MESSAGE][PASSED] - Browser is closed]]></system-out>
         <system-err><![CDATA[]]></system-err>
      </testcase>
      <testcase name="Test Cases/LunaSearch" time="36.064" classname="Test Cases/LunaSearch" status="PASSED">
         <system-out><![CDATA[2023-11-29 18:22:43 - [TEST_CASE][PASSED] - Test Cases/LunaSearch: Test Cases/LunaSearch

2023-11-29 18:22:44 - [TEST_STEP][PASSED] - openBrowser(""): Browser is opened with url: ''

2023-11-29 18:22:44 - [MESSAGE][INFO] - Starting 'Chrome' driver

2023-11-29 18:22:44 - [MESSAGE][INFO] - Action delay is set to 0 milliseconds

2023-11-29 18:22:45 - [MESSAGE][PASSED] - Browser is opened with url: ''

2023-11-29 18:22:45 - [TEST_STEP][PASSED] - navigateToUrl("https://magento.softwaretestingboard.com/"): Navigate to 'https://magento.softwaretestingboard.com/' successfully

2023-11-29 18:22:54 - [MESSAGE][PASSED] - Navigate to 'https://magento.softwaretestingboard.com/' successfully

2023-11-29 18:22:54 - [TEST_STEP][PASSED] - maximizeWindow(): Current window maximized

2023-11-29 18:22:55 - [MESSAGE][PASSED] - Current window maximized

2023-11-29 18:22:55 - [TEST_STEP][PASSED] - click(findTestObject("Object Repository/LunaSearch/Page_Home Page/span_concat(What, , s New)_ui-menu-icon ui-_fd086e")): Object: 'Object Repository/LunaSearch/Page_Home Page/span_concat(What, , s New)_ui-menu-icon ui-_fd086e' is clicked on

2023-11-29 18:23:02 - [MESSAGE][PASSED] - Object: 'Object Repository/LunaSearch/Page_Home Page/span_concat(What, , s New)_ui-menu-icon ui-_fd086e' is clicked on

2023-11-29 18:23:02 - [TEST_STEP][PASSED] - click(findTestObject("Object Repository/LunaSearch/Page_Women/a_Tops")): Object: 'Object Repository/LunaSearch/Page_Women/a_Tops' is clicked on

2023-11-29 18:23:09 - [MESSAGE][PASSED] - Object: 'Object Repository/LunaSearch/Page_Women/a_Tops' is clicked on

2023-11-29 18:23:09 - [TEST_STEP][PASSED] - click(findTestObject("Object Repository/LunaSearch/Page_Tops - Women/div_Category")): Object: 'Object Repository/LunaSearch/Page_Tops - Women/div_Category' is clicked on

2023-11-29 18:23:09 - [MESSAGE][PASSED] - Object: 'Object Repository/LunaSearch/Page_Tops - Women/div_Category' is clicked on

2023-11-29 18:23:09 - [TEST_STEP][PASSED] - click(findTestObject("Object Repository/LunaSearch/Page_Tops - Women/a_Jackets 12item")): Object: 'Object Repository/LunaSearch/Page_Tops - Women/a_Jackets 12item' is clicked on

2023-11-29 18:23:14 - [MESSAGE][PASSED] - Object: 'Object Repository/LunaSearch/Page_Tops - Women/a_Jackets 12item' is clicked on

2023-11-29 18:23:14 - [TEST_STEP][PASSED] - click(findTestObject("Object Repository/LunaSearch/Page_Tops - Women/span_Clear All")): Object: 'Object Repository/LunaSearch/Page_Tops - Women/span_Clear All' is clicked on

2023-11-29 18:23:18 - [MESSAGE][PASSED] - Object: 'Object Repository/LunaSearch/Page_Tops - Women/span_Clear All' is clicked on

2023-11-29 18:23:18 - [TEST_STEP][PASSED] - closeBrowser(): Browser is closed

2023-11-29 18:23:19 - [MESSAGE][PASSED] - Browser is closed]]></system-out>
         <system-err><![CDATA[]]></system-err>
      </testcase>
      <testcase name="Test Cases/LunaSearchApparel" time="133.027" classname="Test Cases/LunaSearchApparel" status="PASSED">
         <system-out><![CDATA[2023-11-29 18:23:19 - [TEST_CASE][PASSED] - Test Cases/LunaSearchApparel: Test Cases/LunaSearchApparel

2023-11-29 18:23:20 - [TEST_STEP][PASSED] - openBrowser(""): Browser is opened with url: ''

2023-11-29 18:23:20 - [MESSAGE][INFO] - Starting 'Chrome' driver

2023-11-29 18:23:20 - [MESSAGE][INFO] - Action delay is set to 0 milliseconds

2023-11-29 18:23:21 - [MESSAGE][PASSED] - Browser is opened with url: ''

2023-11-29 18:23:21 - [TEST_STEP][PASSED] - navigateToUrl("https://magento.softwaretestingboard.com/"): Navigate to 'https://magento.softwaretestingboard.com/' successfully

2023-11-29 18:23:30 - [MESSAGE][PASSED] - Navigate to 'https://magento.softwaretestingboard.com/' successfully

2023-11-29 18:23:30 - [TEST_STEP][PASSED] - maximizeWindow(): Current window maximized

2023-11-29 18:23:30 - [MESSAGE][PASSED] - Current window maximized

2023-11-29 18:23:30 - [TEST_STEP][PASSED] - click(findTestObject("Object Repository/LunaMenApparel/Page_Home Page/span_Shorts_ui-menu-icon ui-icon ui-icon-carat-1-e")): Object: 'Object Repository/LunaMenApparel/Page_Home Page/span_Shorts_ui-menu-icon ui-icon ui-icon-carat-1-e' is clicked on

2023-11-29 18:23:45 - [MESSAGE][PASSED] - Object: 'Object Repository/LunaMenApparel/Page_Home Page/span_Shorts_ui-menu-icon ui-icon ui-icon-carat-1-e' is clicked on

2023-11-29 18:23:45 - [TEST_STEP][PASSED] - click(findTestObject("Object Repository/LunaMenApparel/Page_Men/a_Bottoms")): Object: 'Object Repository/LunaMenApparel/Page_Men/a_Bottoms' is clicked on

2023-11-29 18:24:28 - [MESSAGE][PASSED] - Object: 'Object Repository/LunaMenApparel/Page_Men/a_Bottoms' is clicked on

2023-11-29 18:24:28 - [TEST_STEP][PASSED] - click(findTestObject("Object Repository/LunaMenApparel/Page_Bottoms - Men/div_Category")): Object: 'Object Repository/LunaMenApparel/Page_Bottoms - Men/div_Category' is clicked on

2023-11-29 18:24:28 - [MESSAGE][PASSED] - Object: 'Object Repository/LunaMenApparel/Page_Bottoms - Men/div_Category' is clicked on

2023-11-29 18:24:28 - [TEST_STEP][PASSED] - click(findTestObject("Object Repository/LunaMenApparel/Page_Bottoms - Men/a_Pants 12item")): Object: 'Object Repository/LunaMenApparel/Page_Bottoms - Men/a_Pants 12item' is clicked on

2023-11-29 18:24:34 - [MESSAGE][PASSED] - Object: 'Object Repository/LunaMenApparel/Page_Bottoms - Men/a_Pants 12item' is clicked on

2023-11-29 18:24:34 - [TEST_STEP][PASSED] - click(findTestObject("Object Repository/LunaMenApparel/Page_Bottoms - Men/div_33")): Object: 'Object Repository/LunaMenApparel/Page_Bottoms - Men/div_33' is clicked on

2023-11-29 18:24:35 - [MESSAGE][PASSED] - Object: 'Object Repository/LunaMenApparel/Page_Bottoms - Men/div_33' is clicked on

2023-11-29 18:24:35 - [TEST_STEP][PASSED] - click(findTestObject("Object Repository/LunaMenApparel/Page_Bottoms - Men/div_48.00_option-label-color-93-item-49")): Object: 'Object Repository/LunaMenApparel/Page_Bottoms - Men/div_48.00_option-label-color-93-item-49' is clicked on

2023-11-29 18:24:36 - [MESSAGE][PASSED] - Object: 'Object Repository/LunaMenApparel/Page_Bottoms - Men/div_48.00_option-label-color-93-item-49' is clicked on

2023-11-29 18:24:36 - [TEST_STEP][PASSED] - click(findTestObject("Object Repository/LunaMenApparel/Page_Bottoms - Men/button_Add to Cart")): Object: 'Object Repository/LunaMenApparel/Page_Bottoms - Men/button_Add to Cart' is clicked on

2023-11-29 18:24:37 - [MESSAGE][PASSED] - Object: 'Object Repository/LunaMenApparel/Page_Bottoms - Men/button_Add to Cart' is clicked on

2023-11-29 18:24:37 - [TEST_STEP][PASSED] - click(findTestObject("Object Repository/LunaMenApparel/Page_Bottoms - Men/a_shopping cart")): Object: 'Object Repository/LunaMenApparel/Page_Bottoms - Men/a_shopping cart' is clicked on

2023-11-29 18:25:04 - [MESSAGE][PASSED] - Object: 'Object Repository/LunaMenApparel/Page_Bottoms - Men/a_shopping cart' is clicked on

2023-11-29 18:25:04 - [TEST_STEP][PASSED] - click(findTestObject("Object Repository/LunaMenApparel/Page_Shopping Cart/img")): Object: 'Object Repository/LunaMenApparel/Page_Shopping Cart/img' is clicked on

2023-11-29 18:25:31 - [MESSAGE][PASSED] - Object: 'Object Repository/LunaMenApparel/Page_Shopping Cart/img' is clicked on

2023-11-29 18:25:31 - [TEST_STEP][PASSED] - closeBrowser(): Browser is closed

2023-11-29 18:25:32 - [MESSAGE][PASSED] - Browser is closed]]></system-out>
         <system-err><![CDATA[]]></system-err>
      </testcase>
      <testcase name="Test Cases/LunaWatches" time="63.715" classname="Test Cases/LunaWatches" status="PASSED">
         <system-out><![CDATA[2023-11-29 18:25:32 - [TEST_CASE][PASSED] - Test Cases/LunaWatches: Test Cases/LunaWatches

2023-11-29 18:25:33 - [TEST_STEP][PASSED] - openBrowser(""): Browser is opened with url: ''

2023-11-29 18:25:33 - [MESSAGE][INFO] - Starting 'Chrome' driver

2023-11-29 18:25:33 - [MESSAGE][INFO] - Action delay is set to 0 milliseconds

2023-11-29 18:25:34 - [MESSAGE][PASSED] - Browser is opened with url: ''

2023-11-29 18:25:34 - [TEST_STEP][PASSED] - navigateToUrl("https://magento.softwaretestingboard.com/"): Navigate to 'https://magento.softwaretestingboard.com/' successfully

2023-11-29 18:25:50 - [MESSAGE][PASSED] - Navigate to 'https://magento.softwaretestingboard.com/' successfully

2023-11-29 18:25:50 - [TEST_STEP][PASSED] - maximizeWindow(): Current window maximized

2023-11-29 18:25:51 - [MESSAGE][PASSED] - Current window maximized

2023-11-29 18:25:51 - [TEST_STEP][PASSED] - mouseOver(findTestObject("Object Repository/LunaWatches/Page_Home Page/a_Gear")): Object: 'Object Repository/LunaWatches/Page_Home Page/a_Gear' is hovered

2023-11-29 18:25:56 - [MESSAGE][PASSED] - Object: 'Object Repository/LunaWatches/Page_Home Page/a_Gear' is hovered

2023-11-29 18:25:56 - [TEST_STEP][PASSED] - click(findTestObject("Object Repository/LunaWatches/Page_Gear/span_Watches")): Object: 'Object Repository/LunaWatches/Page_Gear/span_Watches' is clicked on

2023-11-29 18:26:15 - [MESSAGE][PASSED] - Object: 'Object Repository/LunaWatches/Page_Gear/span_Watches' is clicked on

2023-11-29 18:26:15 - [TEST_STEP][PASSED] - click(findTestObject("Object Repository/LunaWatches/Page_Watches - Gear/a_List")): Object: 'Object Repository/LunaWatches/Page_Watches - Gear/a_List' is clicked on

2023-11-29 18:26:19 - [MESSAGE][PASSED] - Object: 'Object Repository/LunaWatches/Page_Watches - Gear/a_List' is clicked on

2023-11-29 18:26:19 - [TEST_STEP][PASSED] - click(findTestObject("Object Repository/LunaWatches/Page_Watches - Gear/button_Add to Cart")): Object: 'Object Repository/LunaWatches/Page_Watches - Gear/button_Add to Cart' is clicked on

2023-11-29 18:26:20 - [MESSAGE][PASSED] - Object: 'Object Repository/LunaWatches/Page_Watches - Gear/button_Add to Cart' is clicked on

2023-11-29 18:26:20 - [TEST_STEP][PASSED] - setText(findTestObject("Object Repository/LunaWatches/Page_Didi Sport Watch/input_Qty_qty"), "4"): Text '4' is set on object 'Object Repository/LunaWatches/Page_Didi Sport Watch/input_Qty_qty'

2023-11-29 18:26:30 - [MESSAGE][PASSED] - Text '4' is set on object 'Object Repository/LunaWatches/Page_Didi Sport Watch/input_Qty_qty'

2023-11-29 18:26:30 - [TEST_STEP][PASSED] - click(findTestObject("Object Repository/LunaWatches/Page_Didi Sport Watch/span_Add to Cart")): Object: 'Object Repository/LunaWatches/Page_Didi Sport Watch/span_Add to Cart' is clicked on

2023-11-29 18:26:30 - [MESSAGE][PASSED] - Object: 'Object Repository/LunaWatches/Page_Didi Sport Watch/span_Add to Cart' is clicked on

2023-11-29 18:26:30 - [TEST_STEP][PASSED] - click(findTestObject("Object Repository/LunaWatches/Page_Didi Sport Watch/a_Home")): Object: 'Object Repository/LunaWatches/Page_Didi Sport Watch/a_Home' is clicked on

2023-11-29 18:26:36 - [MESSAGE][PASSED] - Object: 'Object Repository/LunaWatches/Page_Didi Sport Watch/a_Home' is clicked on]]></system-out>
         <system-err><![CDATA[]]></system-err>
      </testcase>
      <system-out><![CDATA[2023-11-29 18:17:24 - [TEST_SUITE][PASSED] - Luna: Test Cases/LunaWatches]]></system-out>
      <system-err><![CDATA[]]></system-err>
   </testsuite>
</testsuites>
